#-----------------------------------------------------------
# Vivado v2018.2 (64-bit)
# SW Build 2258646 on Thu Jun 14 20:03:12 MDT 2018
# IP Build 2256618 on Thu Jun 14 22:10:49 MDT 2018
# Start of session at: Wed Jun 21 17:30:38 2023
# Process ID: 6908
# Current directory: C:/SOC_LAB_4_Muhammad_Zeeshan_Final/vivado
# Command line: vivado.exe -gui_launcher_event rodinguilauncherevent2320 C:\SOC_LAB_4_Muhammad_Zeeshan_Final\vivado\lab4.xpr
# Log file: C:/SOC_LAB_4_Muhammad_Zeeshan_Final/vivado/vivado.log
# Journal file: C:/SOC_LAB_4_Muhammad_Zeeshan_Final/vivado\vivado.jou
#-----------------------------------------------------------
start_gui
open_project C:/SOC_LAB_4_Muhammad_Zeeshan_Final/vivado/lab4.xpr
INFO: [Project 1-313] Project file moved from 'F:/SOC_LAB_4/vivado' since last save.
Scanning sources...
Finished scanning sources
INFO: [IP_Flow 19-234] Refreshing IP repositories
INFO: [IP_Flow 19-1704] No user IP repositories specified
INFO: [IP_Flow 19-2313] Loaded Vivado IP repository 'F:/Vivado/2018.2/data/ip'.
open_project: Time (s): cpu = 00:00:35 ; elapsed = 00:00:54 . Memory (MB): peak = 823.922 ; gain = 189.602
launch_sdk -workspace C:/SOC_LAB_4_Muhammad_Zeeshan_Final/vivado/lab4.sdk -hwspec C:/SOC_LAB_4_Muhammad_Zeeshan_Final/vivado/lab4.sdk/design_1_wrapper.hdf
INFO: [Vivado 12-393] Launching SDK...
INFO: [Vivado 12-417] Running xsdk -workspace C:/SOC_LAB_4_Muhammad_Zeeshan_Final/vivado/lab4.sdk -hwspec C:/SOC_LAB_4_Muhammad_Zeeshan_Final/vivado/lab4.sdk/design_1_wrapper.hdf
INFO: [Vivado 12-3157] SDK launch initiated. Please check console for any further messages.
update_compile_order -fileset sources_1
exit
INFO: [Common 17-206] Exiting Vivado at Wed Jun 21 17:37:33 2023...
