#-----------------------------------------------------------
# Vivado v2018.2 (64-bit)
# SW Build 2258646 on Thu Jun 14 20:03:12 MDT 2018
# IP Build 2256618 on Thu Jun 14 22:10:49 MDT 2018
# Start of session at: Tue Jun 20 15:58:16 2023
# Process ID: 3308
# Current directory: F:/SOC_LAB_4/vivado
# Command line: vivado.exe -gui_launcher_event rodinguilauncherevent788 F:\SOC_LAB_4\vivado\lab4.xpr
# Log file: F:/SOC_LAB_4/vivado/vivado.log
# Journal file: F:/SOC_LAB_4/vivado\vivado.jou
#-----------------------------------------------------------
stastart_gopeopen_project F:/SOC_LAB_4/vivado/lab4.xScanning sources...
FinFinished scanning sourcINFO: [IP_Flow 19-234] Refreshing IP repositories
INFO: [IP_Flow 19-1704] No user IP repositories specified
INFINFO: [IP_Flow 19-2313] Loaded Vivado IP repository 'F:/Vivado/2018.2/data/ipopeopen_project: Time (s): cpu = 00:00:48 ; elapsed = 00:01:34 . Memory (MB): peak = 844.625 ; gain = 213.2update_compile_order -fileset sources_1
exilaunch_sdk -workspace F:/SOC_LAB_4/vivado/lab4.sdk -hwspec F:/SOC_LAB_4/vivado/lab4.sdk/design_1_wrapper.hdf
INFO: [Vivado 12-393] Launching SDK...
INFO: [Vivado 12-417] Running xsdk -workspace F:/SOC_LAB_4/vivado/lab4.sdk -hwspec F:/SOC_LAB_4/vivado/lab4.sdk/design_1_wrapper.hdf
INFO: [Vivado 12-3157] SDK launch initiated. Please check console for any further messages.
launch_sdk -workspace F:/SOC_LAB_4/vivado/lab4.sdk -hwspec F:/SOC_LAB_4/vivado/lab4.sdk/design_1_wrapper.hdf
INFO: [Vivado 12-393] Launching SDK...
INFO: [Vivado 12-417] Running xsdk -workspace F:/SOC_LAB_4/vivado/lab4.sdk -hwspec F:/SOC_LAB_4/vivado/lab4.sdk/design_1_wrapper.hdf
INFO: [Vivado 12-3157] SDK launch initiated. Please check console for any further messages.
exit
INFO: [Common 17-206] Exiting Vivado at Tue Jun 20 21:05:52 2023...
